# JRE version: Java(TM) SE Runtime Environment (8.0_131-b11) (build 1.8.0_131-b11)
# Java VM: Java HotSpot(TM) 64-Bit Server VM (25.131-b11 mixed mode windows-amd64 compressed oops)
Heap:
 PSYoungGen      total 210944K, used 99418K [0x000000076b600000, 0x000000077c800000, 0x00000007c0000000)
  eden space 194560K, 51% used [0x000000076b600000,0x0000000771716938,0x0000000777400000)
  from space 16384K, 0% used [0x0000000777400000,0x0000000777400000,0x0000000778400000)
  to   space 17920K, 0% used [0x000000077b680000,0x000000077b680000,0x000000077c800000)
 ParOldGen       total 231936K, used 26582K [0x00000006c2200000, 0x00000006d0480000, 0x000000076b600000)
  object space 231936K, 11% used [0x00000006c2200000,0x00000006c3bf5ae8,0x00000006d0480000)
 Metaspace       used 60809K, capacity 64094K, committed 64384K, reserved 1103872K
  class space    used 8443K, capacity 9009K, committed 9088K, reserved 1048576K
GC Heap History (10 events):
Event: 2.706 GC heap before
{Heap before GC invocations=8 (full 2):
 PSYoungGen      total 151040K, used 12836K [0x000000076b600000, 0x0000000776180000, 0x00000007c0000000)
  eden space 136704K, 0% used [0x000000076b600000,0x000000076b600000,0x0000000773b80000)
  from space 14336K, 89% used [0x0000000774b00000,0x0000000775789090,0x0000000775900000)
  to   space 15872K, 0% used [0x0000000773b80000,0x0000000773b80000,0x0000000774b00000)
 ParOldGen       total 106496K, used 12956K [0x00000006c2200000, 0x00000006c8a00000, 0x000000076b600000)
  object space 106496K, 12% used [0x00000006c2200000,0x00000006c2ea7120,0x00000006c8a00000)
 Metaspace       used 33808K, capacity 35417K, committed 35496K, reserved 1079296K
  class space    used 4534K, capacity 4861K, committed 4864K, reserved 1048576K
Event: 2.742 GC heap after
Heap after GC invocations=8 (full 2):
 PSYoungGen      total 151040K, used 0K [0x000000076b600000, 0x0000000776180000, 0x00000007c0000000)
  eden space 136704K, 0% used [0x000000076b600000,0x000000076b600000,0x0000000773b80000)
  from space 14336K, 0% used [0x0000000774b00000,0x0000000774b00000,0x0000000775900000)
  to   space 15872K, 0% used [0x0000000773b80000,0x0000000773b80000,0x0000000774b00000)
 ParOldGen       total 165888K, used 17952K [0x00000006c2200000, 0x00000006cc400000, 0x000000076b600000)
  object space 165888K, 10% used [0x00000006c2200000,0x00000006c33882b8,0x00000006cc400000)
 Metaspace       used 33808K, capacity 35417K, committed 35496K, reserved 1079296K
  class space    used 4534K, capacity 4861K, committed 4864K, reserved 1048576K
}
Event: 3.524 GC heap before
{Heap before GC invocations=9 (full 2):
 PSYoungGen      total 151040K, used 136704K [0x000000076b600000, 0x0000000776180000, 0x00000007c0000000)
  eden space 136704K, 100% used [0x000000076b600000,0x0000000773b80000,0x0000000773b80000)
  from space 14336K, 0% used [0x0000000774b00000,0x0000000774b00000,0x0000000775900000)
  to   space 15872K, 0% used [0x0000000773b80000,0x0000000773b80000,0x0000000774b00000)
 ParOldGen       total 165888K, used 17952K [0x00000006c2200000, 0x00000006cc400000, 0x000000076b600000)
  object space 165888K, 10% used [0x00000006c2200000,0x00000006c33882b8,0x00000006cc400000)
 Metaspace       used 44008K, capacity 45805K, committed 46336K, reserved 1089536K
  class space    used 6217K, capacity 6551K, committed 6656K, reserved 1048576K
Event: 3.532 GC heap after
Heap after GC invocations=9 (full 2):
 PSYoungGen      total 152576K, used 11835K [0x000000076b600000, 0x0000000779600000, 0x00000007c0000000)
  eden space 136704K, 0% used [0x000000076b600000,0x000000076b600000,0x0000000773b80000)
  from space 15872K, 74% used [0x0000000773b80000,0x000000077470eff0,0x0000000774b00000)
  to   space 15872K, 0% used [0x0000000778680000,0x0000000778680000,0x0000000779600000)
 ParOldGen       total 165888K, used 17960K [0x00000006c2200000, 0x00000006cc400000, 0x000000076b600000)
  object space 165888K, 10% used [0x00000006c2200000,0x00000006c338a2b8,0x00000006cc400000)
 Metaspace       used 44008K, capacity 45805K, committed 46336K, reserved 1089536K
  class space    used 6217K, capacity 6551K, committed 6656K, reserved 1048576K
}
Event: 4.169 GC heap before
{Heap before GC invocations=10 (full 2):
 PSYoungGen      total 152576K, used 148539K [0x000000076b600000, 0x0000000779600000, 0x00000007c0000000)
  eden space 136704K, 100% used [0x000000076b600000,0x0000000773b80000,0x0000000773b80000)
  from space 15872K, 74% used [0x0000000773b80000,0x000000077470eff0,0x0000000774b00000)
  to   space 15872K, 0% used [0x0000000778680000,0x0000000778680000,0x0000000779600000)
 ParOldGen       total 165888K, used 17960K [0x00000006c2200000, 0x00000006cc400000, 0x000000076b600000)
  object space 165888K, 10% used [0x00000006c2200000,0x00000006c338a2b8,0x00000006cc400000)
 Metaspace       used 50636K, capacity 53143K, committed 53504K, reserved 1095680K
  class space    used 7118K, capacity 7565K, committed 7680K, reserved 1048576K
Event: 4.176 GC heap after
Heap after GC invocations=10 (full 2):
 PSYoungGen      total 208384K, used 13012K [0x000000076b600000, 0x0000000779400000, 0x00000007c0000000)
  eden space 194560K, 0% used [0x000000076b600000,0x000000076b600000,0x0000000777400000)
  from space 13824K, 94% used [0x0000000778680000,0x0000000779335380,0x0000000779400000)
  to   space 16384K, 0% used [0x0000000777400000,0x0000000777400000,0x0000000778400000)
 ParOldGen       total 165888K, used 17968K [0x00000006c2200000, 0x00000006cc400000, 0x000000076b600000)
  object space 165888K, 10% used [0x00000006c2200000,0x00000006c338c2b8,0x00000006cc400000)
 Metaspace       used 50636K, capacity 53143K, committed 53504K, reserved 1095680K
  class space    used 7118K, capacity 7565K, committed 7680K, reserved 1048576K
}
Event: 4.701 GC heap before
{Heap before GC invocations=11 (full 2):
 PSYoungGen      total 208384K, used 127165K [0x000000076b600000, 0x0000000779400000, 0x00000007c0000000)
  eden space 194560K, 58% used [0x000000076b600000,0x000000077257a430,0x0000000777400000)
  from space 13824K, 94% used [0x0000000778680000,0x0000000779335380,0x0000000779400000)
  to   space 16384K, 0% used [0x0000000777400000,0x0000000777400000,0x0000000778400000)
 ParOldGen       total 165888K, used 17968K [0x00000006c2200000, 0x00000006cc400000, 0x000000076b600000)
  object space 165888K, 10% used [0x00000006c2200000,0x00000006c338c2b8,0x00000006cc400000)
 Metaspace       used 56040K, capacity 59081K, committed 59160K, reserved 1099776K
  class space    used 7802K, capacity 8304K, committed 8320K, reserved 1048576K
Event: 4.710 GC heap after
Heap after GC invocations=11 (full 2):
 PSYoungGen      total 210944K, used 14928K [0x000000076b600000, 0x000000077c800000, 0x00000007c0000000)
  eden space 194560K, 0% used [0x000000076b600000,0x000000076b600000,0x0000000777400000)
  from space 16384K, 91% used [0x0000000777400000,0x0000000778294160,0x0000000778400000)
  to   space 17920K, 0% used [0x000000077b680000,0x000000077b680000,0x000000077c800000)
 ParOldGen       total 165888K, used 17976K [0x00000006c2200000, 0x00000006cc400000, 0x000000076b600000)
  object space 165888K, 10% used [0x00000006c2200000,0x00000006c338e2b8,0x00000006cc400000)
 Metaspace       used 56040K, capacity 59081K, committed 59160K, reserved 1099776K
  class space    used 7802K, capacity 8304K, committed 8320K, reserved 1048576K
}
Event: 4.710 GC heap before
{Heap before GC invocations=12 (full 3):
 PSYoungGen      total 210944K, used 14928K [0x000000076b600000, 0x000000077c800000, 0x00000007c0000000)
  eden space 194560K, 0% used [0x000000076b600000,0x000000076b600000,0x0000000777400000)
  from space 16384K, 91% used [0x0000000777400000,0x0000000778294160,0x0000000778400000)
  to   space 17920K, 0% used [0x000000077b680000,0x000000077b680000,0x000000077c800000)
 ParOldGen       total 165888K, used 17976K [0x00000006c2200000, 0x00000006cc400000, 0x000000076b600000)
  object space 165888K, 10% used [0x00000006c2200000,0x00000006c338e2b8,0x00000006cc400000)
 Metaspace       used 56040K, capacity 59081K, committed 59160K, reserved 1099776K
  class space    used 7802K, capacity 8304K, committed 8320K, reserved 1048576K
Event: 4.805 GC heap after
Heap after GC invocations=12 (full 3):
 PSYoungGen      total 210944K, used 0K [0x000000076b600000, 0x000000077c800000, 0x00000007c0000000)
  eden space 194560K, 0% used [0x000000076b600000,0x000000076b600000,0x0000000777400000)
  from space 16384K, 0% used [0x0000000777400000,0x0000000777400000,0x0000000778400000)
  to   space 17920K, 0% used [0x000000077b680000,0x000000077b680000,0x000000077c800000)
 ParOldGen       total 231936K, used 26582K [0x00000006c2200000, 0x00000006d0480000, 0x000000076b600000)
  object space 231936K, 11% used [0x00000006c2200000,0x00000006c3bf5ae8,0x00000006d0480000)
 Metaspace       used 56040K, capacity 59081K, committed 59160K, reserved 1099776K
  class space    used 7802K, capacity 8304K, committed 8320K, reserved 1048576K
}

